10:39:21.386 [main] INFO  testCases.TC004_GymCategory - --//Shared and Reported//--
10:39:54.029 [main] INFO  testCases.TC004_GymCategory - --//Free Listing Done//--
10:40:27.400 [main] INFO  testCases.TC004_GymCategory - --//Gym Sub Categories taken//--
11:00:02.558 [main] INFO  testCases.TC004_GymCategory - --//Country chosen//--
11:00:22.325 [main] INFO  testCases.TC004_GymCategory - --//City chosen//--
11:01:08.413 [main] INFO  testCases.TC004_GymCategory - --//Top 5 car wash services displyed//--
11:01:18.674 [main] INFO  testCases.TC004_GymCategory - --//Review given//--
11:02:36.316 [main] INFO  testCases.TC004_GymCategory - --//Shared and Reported//--
11:02:50.719 [main] INFO  testCases.TC004_GymCategory - --//Free Listing Done//--
11:03:04.438 [main] INFO  testCases.TC004_GymCategory - --//Gym Sub Categories taken//--
11:03:54.911 [main] INFO  testCases.TC004_GymCategory - --//Country chosen//--
11:04:22.723 [main] INFO  testCases.TC004_GymCategory - --//City chosen//--
11:05:07.354 [main] INFO  testCases.TC004_GymCategory - --//Top 5 car wash services displyed//--
11:05:12.385 [main] INFO  testCases.TC004_GymCategory - --//Review given//--
11:05:54.183 [main] INFO  testCases.TC004_GymCategory - --//Shared and Reported//--
11:06:04.934 [main] INFO  testCases.TC004_GymCategory - --//Free Listing Done//--
11:06:13.435 [main] INFO  testCases.TC004_GymCategory - --//Gym Sub Categories taken//--
11:10:01.320 [main] INFO  testCases.TC004_GymCategory - --//Country chosen//--
11:10:24.528 [main] INFO  testCases.TC004_GymCategory - --//City chosen//--
11:11:09.715 [main] INFO  testCases.TC004_GymCategory - --//Top 5 car wash services displyed//--
11:11:17.312 [main] INFO  testCases.TC004_GymCategory - --//Review given//--
11:12:48.098 [main] INFO  testCases.TC004_GymCategory - --//Shared and Reported//--
11:12:57.534 [main] INFO  testCases.TC004_GymCategory - --//Free Listing Done//--
11:13:08.667 [main] INFO  testCases.TC004_GymCategory - --//Gym Sub Categories taken//--
12:47:01.325 [main] INFO  testCases.TC004_GymCategory - --//Country chosen//--
12:47:11.201 [main] INFO  testCases.TC004_GymCategory - --//City chosen//--
12:47:33.840 [main] INFO  testCases.TC004_GymCategory - --//Top 5 car wash services displyed//--
12:47:40.130 [main] INFO  testCases.TC004_GymCategory - --//Review given//--
12:48:21.904 [main] INFO  testCases.TC004_GymCategory - --//Shared and Reported//--
12:48:32.419 [main] INFO  testCases.TC004_GymCategory - --//Free Listing Done//--
12:48:41.529 [main] INFO  testCases.TC004_GymCategory - --//Gym Sub Categories taken//--
13:00:57.458 [main] INFO  testCases.TC004_GymCategory - --//Country chosen//--
13:01:10.465 [main] INFO  testCases.TC004_GymCategory - --//City chosen//--
13:01:38.866 [main] INFO  testCases.TC004_GymCategory - --//Top 5 car wash services displyed//--
13:01:45.891 [main] INFO  testCases.TC004_GymCategory - --//Review given//--
13:02:26.564 [main] INFO  testCases.TC004_GymCategory - --//Free Listing Done//--
13:02:43.656 [main] INFO  testCases.TC004_GymCategory - --//Gym Sub Categories taken//--
14:39:45.853 [main] INFO  testCases.TC004_GymCategory - --//Country chosen//--
14:40:13.346 [main] INFO  testCases.TC004_GymCategory - --//City chosen//--
14:41:27.111 [main] INFO  testCases.TC004_GymCategory - --//Top 5 car wash services displyed//--
14:41:43.887 [main] INFO  testCases.TC004_GymCategory - --//Review given//--
14:42:39.978 [main] INFO  testCases.TC004_GymCategory - --//Shared and Reported//--
14:42:48.471 [main] INFO  testCases.TC004_GymCategory - --//Free Listing Done//--
14:42:55.855 [main] INFO  testCases.TC004_GymCategory - --//Gym Sub Categories taken//--
15:06:57.310 [main] INFO  testCases.TC004_GymCategory - --//Country chosen//--
15:07:15.802 [main] INFO  testCases.TC004_GymCategory - --//City chosen//--
15:07:55.961 [main] INFO  testCases.TC004_GymCategory - --//Top 5 car wash services displyed//--
15:08:00.539 [main] INFO  testCases.TC004_GymCategory - --//Review given//--
15:08:36.100 [main] INFO  testCases.TC004_GymCategory - --//Shared and Reported//--
15:08:45.267 [main] INFO  testCases.TC004_GymCategory - --//Free Listing Done//--
15:08:54.855 [main] INFO  testCases.TC004_GymCategory - --//Gym Sub Categories taken//--
15:29:54.300 [main] INFO  testCases.TC004_GymCategory - --//Country chosen//--
15:30:17.192 [main] INFO  testCases.TC004_GymCategory - --//City chosen//--
15:31:05.607 [main] INFO  testCases.TC004_GymCategory - --//Top 5 car wash services displyed//--
15:31:10.429 [main] INFO  testCases.TC004_GymCategory - --//Review given//--
15:31:45.911 [main] INFO  testCases.TC004_GymCategory - --//Shared and Reported//--
15:31:56.695 [main] INFO  testCases.TC004_GymCategory - --//Free Listing Done//--
15:32:07.016 [main] INFO  testCases.TC004_GymCategory - --//Gym Sub Categories taken//--
15:42:53.154 [main] INFO  testCases.TC004_GymCategory - --//Country chosen//--
15:43:14.659 [main] INFO  testCases.TC004_GymCategory - --//City chosen//--
