15:43:58.164 [main] INFO  testCases.TC004_GymCategory - --//Top 5 car wash services displyed//--
15:44:06.916 [main] INFO  testCases.TC004_GymCategory - --//Review given//--
15:44:35.049 [main] INFO  testCases.TC004_GymCategory - --//Gym Sub Categories taken//--
15:47:11.481 [main] INFO  testCases.TC004_GymCategory - --//Country chosen//--
15:47:57.694 [main] INFO  testCases.TC004_GymCategory - --//City chosen//--
15:49:09.992 [main] INFO  testCases.TC004_GymCategory - --//Top 5 car wash services displyed//--
15:49:29.424 [main] INFO  testCases.TC004_GymCategory - --//Review given//--
15:50:37.064 [main] INFO  testCases.TC004_GymCategory - --//Shared and Reported//--
15:50:51.130 [main] INFO  testCases.TC004_GymCategory - --//Free Listing Done//--
15:50:59.266 [main] INFO  testCases.TC004_GymCategory - --//Gym Sub Categories taken//--
15:52:33.528 [main] INFO  testCases.TC004_GymCategory - --//Country chosen//--
15:52:55.203 [main] INFO  testCases.TC004_GymCategory - --//City chosen//--
15:53:48.320 [main] INFO  testCases.TC004_GymCategory - --//Top 5 car wash services displyed//--
15:53:53.372 [main] INFO  testCases.TC004_GymCategory - --//Review given//--
15:54:32.043 [main] INFO  testCases.TC004_GymCategory - --//Shared and Reported//--
15:54:41.022 [main] INFO  testCases.TC004_GymCategory - --//Free Listing Done//--
15:54:50.523 [main] INFO  testCases.TC004_GymCategory - --//Gym Sub Categories taken//--
15:55:30.246 [main] INFO  testCases.TC004_GymCategory - --//Country chosen//--
15:55:59.194 [main] INFO  testCases.TC004_GymCategory - --//City chosen//--
15:56:40.468 [main] INFO  testCases.TC004_GymCategory - --//Top 5 car wash services displyed//--
15:56:48.625 [main] INFO  testCases.TC004_GymCategory - --//Review given//--
15:57:24.684 [main] INFO  testCases.TC004_GymCategory - --//Shared and Reported//--
15:57:37.324 [main] INFO  testCases.TC004_GymCategory - --//Free Listing Done//--
15:57:44.313 [main] INFO  testCases.TC004_GymCategory - --//Gym Sub Categories taken//--
09:50:51.833 [main] INFO  testCases.TC004_GymCategory - --//Country chosen//--
09:51:11.715 [main] INFO  testCases.TC004_GymCategory - --//City chosen//--
09:51:57.395 [main] INFO  testCases.TC004_GymCategory - --//Top 5 car wash services displyed//--
09:52:04.964 [main] INFO  testCases.TC004_GymCategory - --//Review given//--
09:52:40.812 [main] INFO  testCases.TC004_GymCategory - --//Shared and Reported//--
09:52:49.872 [main] INFO  testCases.TC004_GymCategory - --//Free Listing Done//--
09:52:57.619 [main] INFO  testCases.TC004_GymCategory - --//Gym Sub Categories taken//--
10:35:26.332 [main] INFO  testCases.TC004_GymCategory - --//Country chosen//--
10:35:46.185 [main] INFO  testCases.TC004_GymCategory - --//City chosen//--
10:36:32.441 [main] INFO  testCases.TC004_GymCategory - --//Top 5 car wash services displyed//--
10:36:37.224 [main] INFO  testCases.TC004_GymCategory - --//Review given//--
10:37:16.375 [main] INFO  testCases.TC004_GymCategory - --//Shared and Reported//--
10:37:57.387 [main] INFO  testCases.TC004_GymCategory - --//Free Listing Done//--
10:38:12.195 [main] INFO  testCases.TC004_GymCategory - --//Gym Sub Categories taken//--
10:39:46.884 [main] INFO  testCases.TC004_GymCategory - --//Country chosen//--
10:40:07.721 [main] INFO  testCases.TC004_GymCategory - --//City chosen//--
10:40:56.606 [main] INFO  testCases.TC004_GymCategory - --//Top 5 car wash services displyed//--
10:41:04.963 [main] INFO  testCases.TC004_GymCategory - --//Review given//--
10:41:38.808 [main] INFO  testCases.TC004_GymCategory - --//Shared and Reported//--
10:41:47.226 [main] INFO  testCases.TC004_GymCategory - --//Free Listing Done//--
10:41:57.096 [main] INFO  testCases.TC004_GymCategory - --//Gym Sub Categories taken//--
10:43:33.196 [main] INFO  testCases.TC004_GymCategory - --//Country chosen//--
10:43:53.868 [main] INFO  testCases.TC004_GymCategory - --//City chosen//--
10:44:35.716 [main] INFO  testCases.TC004_GymCategory - --//Top 5 car wash services displyed//--
10:44:40.771 [main] INFO  testCases.TC004_GymCategory - --//Review given//--
10:45:18.359 [main] INFO  testCases.TC004_GymCategory - --//Shared and Reported//--
10:45:27.427 [main] INFO  testCases.TC004_GymCategory - --//Free Listing Done//--
10:45:35.279 [main] INFO  testCases.TC004_GymCategory - --//Gym Sub Categories taken//--
11:41:05.855 [main] INFO  testCases.TC004_GymCategory - --//Country chosen//--
11:41:24.109 [main] INFO  testCases.TC004_GymCategory - --//City chosen//--
11:42:06.058 [main] INFO  testCases.TC004_GymCategory - --//Top 5 car wash services displyed//--
11:42:10.834 [main] INFO  testCases.TC004_GymCategory - --//Review given//--
11:42:52.714 [main] INFO  testCases.TC004_GymCategory - --//Shared and Reported//--
11:43:00.820 [main] INFO  testCases.TC004_GymCategory - --//Free Listing Done//--
11:43:07.400 [main] INFO  testCases.TC004_GymCategory - --//Gym Sub Categories taken//--
12:52:54.091 [main] INFO  testCases.TC004_GymCategory - --//City chosen//--
