15:10:53.479 [main] INFO  testCases.TC004_GymCategory - --//Top 5 car wash services displyed//--
15:10:58.268 [main] INFO  testCases.TC004_GymCategory - --//Review given//--
15:11:31.638 [main] INFO  testCases.TC004_GymCategory - --//Free Listing Done//--
15:11:46.526 [main] INFO  testCases.TC004_GymCategory - --//Gym Sub Categories taken//--
16:41:41.007 [main] INFO  testCases.TC004_GymCategory - --//City chosen//--
16:42:34.563 [main] INFO  testCases.TC004_GymCategory - --//Country chosen//--
16:42:43.245 [main] INFO  testCases.TC004_GymCategory - --//City chosen//--
16:43:03.251 [main] INFO  testCases.TC004_GymCategory - --//Top 5 car wash services displyed//--
16:43:08.100 [main] INFO  testCases.TC004_GymCategory - --//Review given//--
16:43:42.490 [main] INFO  testCases.TC004_GymCategory - --//Free Listing Done//--
16:43:57.462 [main] INFO  testCases.TC004_GymCategory - --//Gym Sub Categories taken//--
16:49:05.999 [main] INFO  testCases.TC004_GymCategory - --//Country chosen//--
16:49:15.682 [main] INFO  testCases.TC004_GymCategory - --//City chosen//--
16:53:17.323 [main] INFO  testCases.TC004_GymCategory - --//Country chosen//--
16:53:26.242 [main] INFO  testCases.TC004_GymCategory - --//City chosen//--
16:53:46.963 [main] INFO  testCases.TC004_GymCategory - --//Top 5 car wash services displyed//--
16:53:51.913 [main] INFO  testCases.TC004_GymCategory - --//Review given//--
16:54:22.816 [main] INFO  testCases.TC004_GymCategory - --//Shared and Reported//--
16:54:29.672 [main] INFO  testCases.TC004_GymCategory - --//Free Listing Done//--
16:54:35.912 [main] INFO  testCases.TC004_GymCategory - --//Gym Sub Categories taken//--
16:56:23.486 [main] INFO  testCases.TC004_GymCategory - --//Country chosen//--
16:56:32.342 [main] INFO  testCases.TC004_GymCategory - --//City chosen//--
16:56:53.330 [main] INFO  testCases.TC004_GymCategory - --//Top 5 car wash services displyed//--
16:57:02.130 [main] INFO  testCases.TC004_GymCategory - --//Review given//--
16:57:43.042 [main] INFO  testCases.TC004_GymCategory - --//Free Listing Done//--
16:57:57.699 [main] INFO  testCases.TC004_GymCategory - --//Gym Sub Categories taken//--
16:58:25.705 [main] INFO  testCases.TC004_GymCategory - --//Country chosen//--
16:58:40.343 [main] INFO  testCases.TC004_GymCategory - --//City chosen//--
16:59:05.925 [main] INFO  testCases.TC004_GymCategory - --//Top 5 car wash services displyed//--
16:59:23.063 [main] INFO  testCases.TC004_GymCategory - --//Review given//--
17:00:21.695 [main] INFO  testCases.TC004_GymCategory - --//Shared and Reported//--
17:00:27.408 [main] INFO  testCases.TC004_GymCategory - --//Free Listing Done//--
17:00:38.236 [main] INFO  testCases.TC004_GymCategory - --//Gym Sub Categories taken//--
19:17:26.376 [main] INFO  testCases.TC004_GymCategory - --//City chosen//--
19:17:58.805 [main] INFO  testCases.TC004_GymCategory - --//Country chosen//--
19:18:07.306 [main] INFO  testCases.TC004_GymCategory - --//City chosen//--
19:18:27.561 [main] INFO  testCases.TC004_GymCategory - --//Top 5 car wash services displyed//--
19:18:32.756 [main] INFO  testCases.TC004_GymCategory - --//Review given//--
19:19:15.003 [main] INFO  testCases.TC004_GymCategory - --//Free Listing Done//--
19:19:29.941 [main] INFO  testCases.TC004_GymCategory - --//Gym Sub Categories taken//--
10:51:11.901 [main] INFO  testCases.TC004_GymCategory - --//Country chosen//--
10:51:20.391 [main] INFO  testCases.TC004_GymCategory - --//City chosen//--
10:51:41.942 [main] INFO  testCases.TC004_GymCategory - --//Top 5 car wash services displyed//--
10:51:46.877 [main] INFO  testCases.TC004_GymCategory - --//Review given//--
10:52:15.880 [main] INFO  testCases.TC004_GymCategory - --//Shared and Reported//--
10:52:22.750 [main] INFO  testCases.TC004_GymCategory - --//Free Listing Done//--
10:52:29.366 [main] INFO  testCases.TC004_GymCategory - --//Gym Sub Categories taken//--
11:29:47.535 [main] INFO  testCases.TC004_GymCategory - --//Country chosen//--
11:29:55.526 [main] INFO  testCases.TC004_GymCategory - --//City chosen//--
11:30:12.661 [main] INFO  testCases.TC004_GymCategory - --//Top 5 car wash services displyed//--
11:30:17.370 [main] INFO  testCases.TC004_GymCategory - --//Review given//--
11:30:47.377 [main] INFO  testCases.TC004_GymCategory - --//Shared and Reported//--
11:30:54.163 [main] INFO  testCases.TC004_GymCategory - --//Free Listing Done//--
11:31:09.772 [main] INFO  testCases.TC004_GymCategory - --//Gym Sub Categories taken//--
11:31:45.249 [main] INFO  testCases.TC004_GymCategory - --//Country chosen//--
11:31:52.824 [main] INFO  testCases.TC004_GymCategory - --//City chosen//--
11:32:11.514 [main] INFO  testCases.TC004_GymCategory - --//Top 5 car wash services displyed//--
11:32:16.402 [main] INFO  testCases.TC004_GymCategory - --//Review given//--
11:32:49.071 [main] INFO  testCases.TC004_GymCategory - --//Shared and Reported//--
11:32:55.947 [main] INFO  testCases.TC004_GymCategory - --//Free Listing Done//--
