12:54:23.834 [main] INFO  testCases.TC004_GymCategory - --//Free Listing Done//--
12:55:58.008 [main] INFO  testCases.TC004_GymCategory - --//Country chosen//--
12:56:31.838 [main] INFO  testCases.TC004_GymCategory - --//City chosen//--
12:57:17.202 [main] INFO  testCases.TC004_GymCategory - --//Top 5 car wash services displyed//--
12:57:27.972 [main] INFO  testCases.TC004_GymCategory - --//Review given//--
12:57:54.219 [main] INFO  testCases.TC004_GymCategory - --//Shared and Reported//--
12:58:04.387 [main] INFO  testCases.TC004_GymCategory - --//Free Listing Done//--
12:58:13.650 [main] INFO  testCases.TC004_GymCategory - --//Gym Sub Categories taken//--
10:16:19.813 [main] INFO  testCases.TC004_GymCategory - --//Country chosen//--
10:16:39.400 [main] INFO  testCases.TC004_GymCategory - --//City chosen//--
10:17:21.969 [main] INFO  testCases.TC004_GymCategory - --//Top 5 car wash services displyed//--
10:17:26.702 [main] INFO  testCases.TC004_GymCategory - --//Review given//--
10:18:08.690 [main] INFO  testCases.TC004_GymCategory - --//Shared and Reported//--
10:18:20.304 [main] INFO  testCases.TC004_GymCategory - --//Free Listing Done//--
10:18:27.225 [main] INFO  testCases.TC004_GymCategory - --//Gym Sub Categories taken//--
12:56:13.128 [main] INFO  testCases.TC004_GymCategory - --//Country chosen//--
12:56:46.768 [main] INFO  testCases.TC004_GymCategory - --//City chosen//--
12:57:33.794 [main] INFO  testCases.TC004_GymCategory - --//Top 5 car wash services displyed//--
12:57:45.511 [main] INFO  testCases.TC004_GymCategory - --//Review given//--
12:58:30.873 [main] INFO  testCases.TC004_GymCategory - --//Shared and Reported//--
12:58:44.273 [main] INFO  testCases.TC004_GymCategory - --//Free Listing Done//--
12:58:57.740 [main] INFO  testCases.TC004_GymCategory - --//Gym Sub Categories taken//--
14:51:12.689 [main] INFO  testCases.TC004_GymCategory - --//Country chosen//--
14:51:32.864 [main] INFO  testCases.TC004_GymCategory - --//City chosen//--
14:52:17.527 [main] INFO  testCases.TC004_GymCategory - --//Top 5 car wash services displyed//--
14:52:22.516 [main] INFO  testCases.TC004_GymCategory - --//Review given//--
14:53:11.833 [main] INFO  testCases.TC004_GymCategory - --//Shared and Reported//--
14:53:19.852 [main] INFO  testCases.TC004_GymCategory - --//Free Listing Done//--
14:53:28.157 [main] INFO  testCases.TC004_GymCategory - --//Gym Sub Categories taken//--
15:07:04.204 [main] INFO  testCases.TC004_GymCategory - --//Country chosen//--
15:07:32.849 [main] INFO  testCases.TC004_GymCategory - --//City chosen//--
15:08:18.939 [main] INFO  testCases.TC004_GymCategory - --//Top 5 car wash services displyed//--
15:08:26.804 [main] INFO  testCases.TC004_GymCategory - --//Review given//--
15:09:11.810 [main] INFO  testCases.TC004_GymCategory - --//Shared and Reported//--
15:09:20.272 [main] INFO  testCases.TC004_GymCategory - --//Free Listing Done//--
15:09:28.211 [main] INFO  testCases.TC004_GymCategory - --//Gym Sub Categories taken//--
15:26:28.686 [main] INFO  testCases.TC004_GymCategory - --//Country chosen//--
15:26:53.870 [main] INFO  testCases.TC004_GymCategory - --//City chosen//--
15:27:42.760 [main] INFO  testCases.TC004_GymCategory - --//Top 5 car wash services displyed//--
15:27:50.096 [main] INFO  testCases.TC004_GymCategory - --//Review given//--
15:28:30.262 [main] INFO  testCases.TC004_GymCategory - --//Shared and Reported//--
15:28:40.390 [main] INFO  testCases.TC004_GymCategory - --//Free Listing Done//--
15:28:50.711 [main] INFO  testCases.TC004_GymCategory - --//Gym Sub Categories taken//--
15:40:38.968 [main] INFO  testCases.TC004_GymCategory - --//Country chosen//--
15:41:01.750 [main] INFO  testCases.TC004_GymCategory - --//City chosen//--
15:41:52.334 [main] INFO  testCases.TC004_GymCategory - --//Top 5 car wash services displyed//--
15:41:57.525 [main] INFO  testCases.TC004_GymCategory - --//Review given//--
15:42:48.007 [main] INFO  testCases.TC004_GymCategory - --//Shared and Reported//--
15:43:14.898 [main] INFO  testCases.TC004_GymCategory - --//Free Listing Done//--
15:43:27.246 [main] INFO  testCases.TC004_GymCategory - --//Gym Sub Categories taken//--
11:52:28.503 [main] INFO  testCases.TC004_GymCategory - --//Country chosen//--
11:52:47.895 [main] INFO  testCases.TC004_GymCategory - --//City chosen//--
11:53:32.122 [main] INFO  testCases.TC004_GymCategory - --//Top 5 car wash services displyed//--
11:53:45.603 [main] INFO  testCases.TC004_GymCategory - --//Review given//--
11:54:24.948 [main] INFO  testCases.TC004_GymCategory - --//Shared and Reported//--
11:54:38.553 [main] INFO  testCases.TC004_GymCategory - --//Free Listing Done//--
11:54:45.324 [main] INFO  testCases.TC004_GymCategory - --//Gym Sub Categories taken//--
12:19:42.532 [main] INFO  testCases.TC004_GymCategory - --//Country chosen//--
12:20:01.361 [main] INFO  testCases.TC004_GymCategory - --//City chosen//--
12:20:44.434 [main] INFO  testCases.TC004_GymCategory - --//Top 5 car wash services displyed//--
