17:07:13.048 [main] INFO  testCases.TC004_GymCategory - --//Top 5 car wash services displyed//--
17:07:19.808 [main] INFO  testCases.TC004_GymCategory - --//Review given//--
17:08:03.115 [main] INFO  testCases.TC004_GymCategory - --//Shared and Reported//--
17:08:09.401 [main] INFO  testCases.TC004_GymCategory - --//Free Listing Done//--
17:08:22.792 [main] INFO  testCases.TC004_GymCategory - --//Gym Sub Categories taken//--
17:11:52.441 [main] INFO  testCases.TC004_GymCategory - --//Country chosen//--
17:12:03.291 [main] INFO  testCases.TC004_GymCategory - --//City chosen//--
17:12:33.499 [main] INFO  testCases.TC004_GymCategory - --//Top 5 car wash services displyed//--
17:12:40.180 [main] INFO  testCases.TC004_GymCategory - --//Review given//--
17:13:27.610 [main] INFO  testCases.TC004_GymCategory - --//Free Listing Done//--
09:37:22.998 [main] INFO  testCases.TC004_GymCategory - --//Country chosen//--
09:37:35.137 [main] INFO  testCases.TC004_GymCategory - --//City chosen//--
09:38:05.747 [main] INFO  testCases.TC004_GymCategory - --//Top 5 car wash services displyed//--
09:38:12.694 [main] INFO  testCases.TC004_GymCategory - --//Review given//--
09:39:00.257 [main] INFO  testCases.TC004_GymCategory - --//Shared and Reported//--
09:39:07.660 [main] INFO  testCases.TC004_GymCategory - --//Free Listing Done//--
09:39:20.173 [main] INFO  testCases.TC004_GymCategory - --//Gym Sub Categories taken//--
10:03:15.236 [main] INFO  testCases.TC004_GymCategory - --//Country chosen//--
10:03:27.564 [main] INFO  testCases.TC004_GymCategory - --//City chosen//--
10:04:04.075 [main] INFO  testCases.TC004_GymCategory - --//Top 5 car wash services displyed//--
10:04:12.759 [main] INFO  testCases.TC004_GymCategory - --//Review given//--
10:05:05.499 [main] INFO  testCases.TC004_GymCategory - --//Shared and Reported//--
10:05:13.634 [main] INFO  testCases.TC004_GymCategory - --//Free Listing Done//--
10:05:28.338 [main] INFO  testCases.TC004_GymCategory - --//Gym Sub Categories taken//--
10:13:45.526 [main] INFO  testCases.TC004_GymCategory - --//Country chosen//--
10:13:58.651 [main] INFO  testCases.TC004_GymCategory - --//City chosen//--
10:14:37.175 [main] INFO  testCases.TC004_GymCategory - --//Top 5 car wash services displyed//--
10:14:45.238 [main] INFO  testCases.TC004_GymCategory - --//Review given//--
10:15:37.593 [main] INFO  testCases.TC004_GymCategory - --//Shared and Reported//--
10:15:46.788 [main] INFO  testCases.TC004_GymCategory - --//Free Listing Done//--
10:16:00.243 [main] INFO  testCases.TC004_GymCategory - --//Gym Sub Categories taken//--
10:44:58.856 [main] INFO  testCases.TC004_GymCategory - --//Country chosen//--
10:45:09.898 [main] INFO  testCases.TC004_GymCategory - --//City chosen//--
10:45:40.055 [main] INFO  testCases.TC004_GymCategory - --//Top 5 car wash services displyed//--
10:45:47.044 [main] INFO  testCases.TC004_GymCategory - --//Review given//--
10:46:31.977 [main] INFO  testCases.TC004_GymCategory - --//Free Listing Done//--
10:46:53.490 [main] INFO  testCases.TC004_GymCategory - --//Gym Sub Categories taken//--
10:48:07.025 [main] INFO  testCases.TC004_GymCategory - --//Country chosen//--
10:48:20.559 [main] INFO  testCases.TC004_GymCategory - --//City chosen//--
10:48:52.179 [main] INFO  testCases.TC004_GymCategory - --//Top 5 car wash services displyed//--
10:48:59.077 [main] INFO  testCases.TC004_GymCategory - --//Review given//--
10:49:47.616 [main] INFO  testCases.TC004_GymCategory - --//Free Listing Done//--
10:50:09.568 [main] INFO  testCases.TC004_GymCategory - --//Gym Sub Categories taken//--
10:58:23.078 [main] INFO  testCases.TC004_GymCategory - --//Free Listing Done//--
10:59:29.756 [main] INFO  testCases.TC004_GymCategory - --//Country chosen//--
10:59:44.475 [main] INFO  testCases.TC004_GymCategory - --//City chosen//--
11:00:20.288 [main] INFO  testCases.TC004_GymCategory - --//Top 5 car wash services displyed//--
11:00:28.155 [main] INFO  testCases.TC004_GymCategory - --//Review given//--
11:01:28.490 [main] INFO  testCases.TC004_GymCategory - --//Free Listing Done//--
11:01:49.621 [main] INFO  testCases.TC004_GymCategory - --//Gym Sub Categories taken//--
11:04:38.308 [main] INFO  testCases.TC004_GymCategory - --//Country chosen//--
11:04:52.263 [main] INFO  testCases.TC004_GymCategory - --//City chosen//--
11:05:32.546 [main] INFO  testCases.TC004_GymCategory - --//Top 5 car wash services displyed//--
11:05:40.723 [main] INFO  testCases.TC004_GymCategory - --//Review given//--
11:06:41.121 [main] INFO  testCases.TC004_GymCategory - --//Shared and Reported//--
11:07:21.192 [main] INFO  testCases.TC004_GymCategory - --//Free Listing Done//--
11:07:43.964 [main] INFO  testCases.TC004_GymCategory - --//Gym Sub Categories taken//--
10:17:30.994 [main] INFO  testCases.TC004_GymCategory - --//Country chosen//--
10:17:43.761 [main] INFO  testCases.TC004_GymCategory - --//City chosen//--
10:18:17.477 [main] INFO  testCases.TC004_GymCategory - --//Top 5 car wash services displyed//--
