10:18:25.144 [main] INFO  testCases.TC004_GymCategory - --//Review given//--
10:19:12.777 [main] INFO  testCases.TC004_GymCategory - --//Shared and Reported//--
10:19:19.384 [main] INFO  testCases.TC004_GymCategory - --//Free Listing Done//--
10:19:32.125 [main] INFO  testCases.TC004_GymCategory - --//Gym Sub Categories taken//--
12:37:12.700 [main] INFO  testCases.TC004_GymCategory - --//Country chosen//--
12:37:25.765 [main] INFO  testCases.TC004_GymCategory - --//City chosen//--
12:38:04.753 [main] INFO  testCases.TC004_GymCategory - --//Top 5 car wash services displyed//--
12:38:14.054 [main] INFO  testCases.TC004_GymCategory - --//Review given//--
12:39:07.491 [main] INFO  testCases.TC004_GymCategory - --//Shared and Reported//--
12:39:16.737 [main] INFO  testCases.TC004_GymCategory - --//Free Listing Done//--
12:39:31.643 [main] INFO  testCases.TC004_GymCategory - --//Gym Sub Categories taken//--
21:16:11.094 [main] INFO  testCases.TC004_GymCategory - --//Country chosen//--
21:16:33.390 [main] INFO  testCases.TC004_GymCategory - --//City chosen//--
21:17:13.636 [main] INFO  testCases.TC004_GymCategory - --//Top 5 car wash services displyed//--
21:17:25.691 [main] INFO  testCases.TC004_GymCategory - --//Review given//--
21:18:15.705 [main] INFO  testCases.TC004_GymCategory - --//Shared and Reported//--
21:18:26.694 [main] INFO  testCases.TC004_GymCategory - --//Free Listing Done//--
21:18:45.426 [main] INFO  testCases.TC004_GymCategory - --//Gym Sub Categories taken//--
09:48:22.533 [main] INFO  testCases.TC004_GymCategory - --//Country chosen//--
09:48:37.719 [main] INFO  testCases.TC004_GymCategory - --//City chosen//--
09:49:12.124 [main] INFO  testCases.TC004_GymCategory - --//Top 5 car wash services displyed//--
09:49:19.494 [main] INFO  testCases.TC004_GymCategory - --//Review given//--
09:51:24.315 [main] INFO  testCases.TC004_GymCategory - --//Country chosen//--
09:51:36.581 [main] INFO  testCases.TC004_GymCategory - --//City chosen//--
09:52:47.552 [main] INFO  testCases.TC004_GymCategory - --//Country chosen//--
09:52:59.929 [main] INFO  testCases.TC004_GymCategory - --//City chosen//--
09:53:31.905 [main] INFO  testCases.TC004_GymCategory - --//Top 5 car wash services displyed//--
09:53:42.920 [main] INFO  testCases.TC004_GymCategory - --//Review given//--
09:54:25.433 [main] INFO  testCases.TC004_GymCategory - --//Free Listing Done//--
09:54:46.257 [main] INFO  testCases.TC004_GymCategory - --//Gym Sub Categories taken//--
10:03:17.493 [main] INFO  testCases.TC004_GymCategory - --//Country chosen//--
10:03:31.185 [main] INFO  testCases.TC004_GymCategory - --//City chosen//--
10:04:07.310 [main] INFO  testCases.TC004_GymCategory - --//Top 5 car wash services displyed//--
10:04:15.811 [main] INFO  testCases.TC004_GymCategory - --//Review given//--
10:05:02.154 [main] INFO  testCases.TC004_GymCategory - --//Shared and Reported//--
10:05:12.236 [main] INFO  testCases.TC004_GymCategory - --//Free Listing Done//--
10:05:27.960 [main] INFO  testCases.TC004_GymCategory - --//Gym Sub Categories taken//--
10:12:37.542 [main] INFO  testCases.TC004_GymCategory - --//Country chosen//--
10:12:51.122 [main] INFO  testCases.TC004_GymCategory - --//City chosen//--
10:13:32.545 [main] INFO  testCases.TC004_GymCategory - --//Top 5 car wash services displyed//--
10:13:40.060 [main] INFO  testCases.TC004_GymCategory - --//Review given//--
10:14:28.522 [main] INFO  testCases.TC004_GymCategory - --//Shared and Reported//--
10:14:42.643 [main] INFO  testCases.TC004_GymCategory - --//Free Listing Done//--
10:14:59.788 [main] INFO  testCases.TC004_GymCategory - --//Gym Sub Categories taken//--
10:25:51.053 [main] INFO  testCases.TC004_GymCategory - --//Country chosen//--
10:26:04.733 [main] INFO  testCases.TC004_GymCategory - --//City chosen//--
10:26:44.560 [main] INFO  testCases.TC004_GymCategory - --//Top 5 car wash services displyed//--
10:26:51.964 [main] INFO  testCases.TC004_GymCategory - --//Review given//--
10:27:42.018 [main] INFO  testCases.TC004_GymCategory - --//Free Listing Done//--
10:28:03.818 [main] INFO  testCases.TC004_GymCategory - --//Gym Sub Categories taken//--
10:32:34.560 [main] INFO  testCases.TC004_GymCategory - --//Country chosen//--
10:32:48.609 [main] INFO  testCases.TC004_GymCategory - --//City chosen//--
10:33:26.610 [main] INFO  testCases.TC004_GymCategory - --//Top 5 car wash services displyed//--
10:33:34.257 [main] INFO  testCases.TC004_GymCategory - --//Review given//--
10:34:22.096 [main] INFO  testCases.TC004_GymCategory - --//Shared and Reported//--
10:34:32.402 [main] INFO  testCases.TC004_GymCategory - --//Free Listing Done//--
10:34:54.129 [main] INFO  testCases.TC004_GymCategory - --//Gym Sub Categories taken//--
10:39:12.664 [main] INFO  testCases.TC004_GymCategory - --//Country chosen//--
10:39:27.514 [main] INFO  testCases.TC004_GymCategory - --//City chosen//--
10:40:05.394 [main] INFO  testCases.TC004_GymCategory - --//Top 5 car wash services displyed//--
