14:03:49.978 [main] INFO  testCases.TC004_GymCategory - --//Review given//--
14:04:19.498 [main] INFO  testCases.TC004_GymCategory - --//Free Listing Done//--
14:04:34.138 [main] INFO  testCases.TC004_GymCategory - --//Gym Sub Categories taken//--
14:05:04.049 [main] INFO  testCases.TC004_GymCategory - --//Country chosen//--
14:05:14.721 [main] INFO  testCases.TC004_GymCategory - --//City chosen//--
14:05:32.031 [main] INFO  testCases.TC004_GymCategory - --//Top 5 car wash services displyed//--
14:05:36.498 [main] INFO  testCases.TC004_GymCategory - --//Review given//--
14:06:03.877 [main] INFO  testCases.TC004_GymCategory - --//Shared and Reported//--
14:06:09.719 [main] INFO  testCases.TC004_GymCategory - --//Free Listing Done//--
14:06:15.561 [main] INFO  testCases.TC004_GymCategory - --//Gym Sub Categories taken//--
14:33:31.571 [main] INFO  testCases.TC004_GymCategory - --//Country chosen//--
14:33:39.154 [main] INFO  testCases.TC004_GymCategory - --//City chosen//--
14:33:55.751 [main] INFO  testCases.TC004_GymCategory - --//Top 5 car wash services displyed//--
14:34:00.128 [main] INFO  testCases.TC004_GymCategory - --//Review given//--
14:34:27.946 [main] INFO  testCases.TC004_GymCategory - --//Shared and Reported//--
14:34:36.877 [main] INFO  testCases.TC004_GymCategory - --//Free Listing Done//--
14:34:42.698 [main] INFO  testCases.TC004_GymCategory - --//Gym Sub Categories taken//--
14:38:24.411 [main] INFO  testCases.TC004_GymCategory - --//Country chosen//--
14:38:38.034 [main] INFO  testCases.TC004_GymCategory - --//City chosen//--
14:38:54.304 [main] INFO  testCases.TC004_GymCategory - --//Top 5 car wash services displyed//--
14:39:09.219 [main] INFO  testCases.TC004_GymCategory - --//Review given//--
14:39:39.188 [main] INFO  testCases.TC004_GymCategory - --//Free Listing Done//--
14:39:53.868 [main] INFO  testCases.TC004_GymCategory - --//Gym Sub Categories taken//--
14:40:25.315 [main] INFO  testCases.TC004_GymCategory - --//Country chosen//--
14:40:32.633 [main] INFO  testCases.TC004_GymCategory - --//City chosen//--
14:40:48.935 [main] INFO  testCases.TC004_GymCategory - --//Top 5 car wash services displyed//--
14:40:53.284 [main] INFO  testCases.TC004_GymCategory - --//Review given//--
14:41:20.399 [main] INFO  testCases.TC004_GymCategory - --//Shared and Reported//--
14:41:25.985 [main] INFO  testCases.TC004_GymCategory - --//Free Listing Done//--
14:41:31.644 [main] INFO  testCases.TC004_GymCategory - --//Gym Sub Categories taken//--
14:54:40.306 [main] INFO  testCases.TC004_GymCategory - --//Country chosen//--
14:54:47.852 [main] INFO  testCases.TC004_GymCategory - --//City chosen//--
14:55:06.576 [main] INFO  testCases.TC004_GymCategory - --//Top 5 car wash services displyed//--
14:55:17.769 [main] INFO  testCases.TC004_GymCategory - --//Review given//--
14:55:51.083 [main] INFO  testCases.TC004_GymCategory - --//Shared and Reported//--
14:56:10.639 [main] INFO  testCases.TC004_GymCategory - --//Free Listing Done//--
14:56:17.236 [main] INFO  testCases.TC004_GymCategory - --//Gym Sub Categories taken//--
14:57:47.975 [main] INFO  testCases.TC004_GymCategory - --//Country chosen//--
14:57:56.438 [main] INFO  testCases.TC004_GymCategory - --//City chosen//--
14:58:17.406 [main] INFO  testCases.TC004_GymCategory - --//Top 5 car wash services displyed//--
14:58:22.531 [main] INFO  testCases.TC004_GymCategory - --//Review given//--
14:58:46.708 [main] INFO  testCases.TC004_GymCategory - --//Shared and Reported//--
14:59:20.370 [main] INFO  testCases.TC004_GymCategory - --//Free Listing Done//--
14:59:27.570 [main] INFO  testCases.TC004_GymCategory - --//Gym Sub Categories taken//--
15:01:47.675 [main] INFO  testCases.TC004_GymCategory - --//Country chosen//--
15:02:06.123 [main] INFO  testCases.TC004_GymCategory - --//City chosen//--
15:02:46.266 [main] INFO  testCases.TC004_GymCategory - --//Top 5 car wash services displyed//--
15:02:51.423 [main] INFO  testCases.TC004_GymCategory - --//Review given//--
15:03:19.773 [main] INFO  testCases.TC004_GymCategory - --//Shared and Reported//--
15:03:26.427 [main] INFO  testCases.TC004_GymCategory - --//Free Listing Done//--
15:06:01.311 [main] INFO  testCases.TC004_GymCategory - --//Gym Sub Categories taken//--
15:06:46.782 [main] INFO  testCases.TC004_GymCategory - --//Country chosen//--
15:07:12.236 [main] INFO  testCases.TC004_GymCategory - --//City chosen//--
15:07:43.279 [main] INFO  testCases.TC004_GymCategory - --//Top 5 car wash services displyed//--
15:07:49.259 [main] INFO  testCases.TC004_GymCategory - --//Review given//--
15:08:26.251 [main] INFO  testCases.TC004_GymCategory - --//Shared and Reported//--
15:08:33.099 [main] INFO  testCases.TC004_GymCategory - --//Free Listing Done//--
15:08:39.620 [main] INFO  testCases.TC004_GymCategory - --//Gym Sub Categories taken//--
15:10:25.021 [main] INFO  testCases.TC004_GymCategory - --//Country chosen//--
15:10:33.428 [main] INFO  testCases.TC004_GymCategory - --//City chosen//--
