15:40:18.677 [main] INFO  testCases.TC004_GymCategory - --//Country chosen//--
15:40:31.443 [main] INFO  testCases.TC004_GymCategory - --//City chosen//--
15:41:02.741 [main] INFO  testCases.TC004_GymCategory - --//Top 5 car wash services displyed//--
15:41:10.030 [main] INFO  testCases.TC004_GymCategory - --//Review given//--
15:41:24.783 [main] INFO  testCases.TC004_GymCategory - --//Free Listing Done//--
15:41:45.590 [main] INFO  testCases.TC004_GymCategory - --//Gym Sub Categories taken//--
15:46:17.454 [main] INFO  testCases.TC004_GymCategory - --//Country chosen//--
15:46:35.759 [main] INFO  testCases.TC004_GymCategory - --//City chosen//--
15:47:06.277 [main] INFO  testCases.TC004_GymCategory - --//Top 5 car wash services displyed//--
15:47:13.865 [main] INFO  testCases.TC004_GymCategory - --//Review given//--
15:47:33.448 [main] INFO  testCases.TC004_GymCategory - --//Shared and Reported//--
15:47:42.837 [main] INFO  testCases.TC004_GymCategory - --//Free Listing Done//--
15:48:00.829 [main] INFO  testCases.TC004_GymCategory - --//Gym Sub Categories taken//--
15:55:55.494 [main] INFO  testCases.TC004_GymCategory - --//Country chosen//--
15:56:29.732 [main] INFO  testCases.TC004_GymCategory - --//City chosen//--
15:57:15.532 [main] INFO  testCases.TC004_GymCategory - --//Top 5 car wash services displyed//--
15:57:51.939 [main] INFO  testCases.TC004_GymCategory - --//Review given//--
15:58:14.634 [main] INFO  testCases.TC004_GymCategory - --//Free Listing Done//--
15:58:35.474 [main] INFO  testCases.TC004_GymCategory - --//Gym Sub Categories taken//--
16:07:05.519 [main] INFO  testCases.TC004_GymCategory - --//Country chosen//--
16:07:18.883 [main] INFO  testCases.TC004_GymCategory - --//City chosen//--
16:07:49.957 [main] INFO  testCases.TC004_GymCategory - --//Top 5 car wash services displyed//--
16:07:58.066 [main] INFO  testCases.TC004_GymCategory - --//Review given//--
16:08:16.603 [main] INFO  testCases.TC004_GymCategory - --//Shared and Reported//--
16:08:22.786 [main] INFO  testCases.TC004_GymCategory - --//Free Listing Done//--
16:08:35.795 [main] INFO  testCases.TC004_GymCategory - --//Gym Sub Categories taken//--
16:21:26.402 [main] INFO  testCases.TC004_GymCategory - --//Country chosen//--
16:21:37.585 [main] INFO  testCases.TC004_GymCategory - --//City chosen//--
16:22:08.423 [main] INFO  testCases.TC004_GymCategory - --//Top 5 car wash services displyed//--
16:22:15.338 [main] INFO  testCases.TC004_GymCategory - --//Review given//--
16:22:54.396 [main] INFO  testCases.TC004_GymCategory - --//Free Listing Done//--
16:23:15.146 [main] INFO  testCases.TC004_GymCategory - --//Gym Sub Categories taken//--
16:28:34.388 [main] INFO  testCases.TC004_GymCategory - --//Country chosen//--
16:28:45.960 [main] INFO  testCases.TC004_GymCategory - --//City chosen//--
16:29:16.685 [main] INFO  testCases.TC004_GymCategory - --//Top 5 car wash services displyed//--
16:29:23.572 [main] INFO  testCases.TC004_GymCategory - --//Review given//--
16:29:57.981 [main] INFO  testCases.TC004_GymCategory - --//Shared and Reported//--
16:30:04.754 [main] INFO  testCases.TC004_GymCategory - --//Free Listing Done//--
16:30:16.809 [main] INFO  testCases.TC004_GymCategory - --//Gym Sub Categories taken//--
16:38:00.206 [main] INFO  testCases.TC004_GymCategory - --//Country chosen//--
16:38:11.732 [main] INFO  testCases.TC004_GymCategory - --//City chosen//--
16:38:41.821 [main] INFO  testCases.TC004_GymCategory - --//Top 5 car wash services displyed//--
16:38:48.600 [main] INFO  testCases.TC004_GymCategory - --//Review given//--
16:39:24.489 [main] INFO  testCases.TC004_GymCategory - --//Shared and Reported//--
16:39:30.794 [main] INFO  testCases.TC004_GymCategory - --//Free Listing Done//--
16:39:42.982 [main] INFO  testCases.TC004_GymCategory - --//Gym Sub Categories taken//--
16:51:30.646 [main] INFO  testCases.TC004_GymCategory - --//Country chosen//--
16:51:41.661 [main] INFO  testCases.TC004_GymCategory - --//City chosen//--
16:52:11.691 [main] INFO  testCases.TC004_GymCategory - --//Top 5 car wash services displyed//--
16:52:18.557 [main] INFO  testCases.TC004_GymCategory - --//Review given//--
16:52:52.529 [main] INFO  testCases.TC004_GymCategory - --//Shared and Reported//--
16:52:58.662 [main] INFO  testCases.TC004_GymCategory - --//Free Listing Done//--
16:53:10.681 [main] INFO  testCases.TC004_GymCategory - --//Gym Sub Categories taken//--
17:03:49.885 [main] INFO  testCases.TC004_GymCategory - --//Country chosen//--
17:04:00.794 [main] INFO  testCases.TC004_GymCategory - --//City chosen//--
17:04:31.500 [main] INFO  testCases.TC004_GymCategory - --//Top 5 car wash services displyed//--
17:04:38.403 [main] INFO  testCases.TC004_GymCategory - --//Review given//--
17:05:09.224 [main] INFO  testCases.TC004_GymCategory - --//Free Listing Done//--
17:06:31.923 [main] INFO  testCases.TC004_GymCategory - --//Country chosen//--
17:06:43.119 [main] INFO  testCases.TC004_GymCategory - --//City chosen//--
